<?xml version="1.0" encoding="UTF-8"?>
<testsuite xmlns:xsi="http://www.w3.org/2001/XMLSchema-instance" xsi:noNamespaceSchemaLocation="https://maven.apache.org/surefire/maven-surefire-plugin/xsd/surefire-test-report.xsd" name="com.innobiz.orca.appconfig_serviceimpl.TaskerviceImplTest" time="0.769" tests="12" errors="5" skipped="0" failures="7">
  <properties>
[...]
</properties>
  <testcase name="findAllShouldSendAllTasks" classname="com.innobiz.orca.appconfig_serviceimpl.TaskerviceImplTest" time="0.337">
    <error message="Cannot invoke &quot;org.modelmapper.ModelMapper.map(Object, java.lang.Class)&quot; because &quot;this.modelMapper&quot; is null" type="java.lang.NullPointerException">java.lang.NullPointerException: Cannot invoke "org.modelmapper.ModelMapper.map(Object, java.lang.Class)" because "this.modelMapper" is null
	at com.innobiz.orca.appconfig_serviceimpl.TaskerviceImplTest.findAllShouldSendAllTasks(UOMServiceImplTest.java:168)
</error>
  </testcase>
  <testcase name="deleteUOMShouldDeleteTask" classname="com.innobiz.orca.appconfig_serviceimpl.TaskerviceImplTest" time="0.036">
    <failure message="&#10;Wanted but not invoked:&#10;uomRepository.delete(&#10;    com.innobiz.orca.appconfig.entity.UOM@7e7f0f0a&#10;);&#10;-&gt; at com.innobiz.orca.appconfig_serviceimpl.TaskerviceImplTest.deleteUOMShouldDeleteTask(UOMServiceImplTest.java:248)&#10;&#10;However, there was exactly 1 interaction with this mock:&#10;uomRepository.findById(1);&#10;-&gt; at com.innobiz.orca.appconfig.service.impl.UOMServiceImpl.delete(UOMServiceImpl.java:54)&#10;&#10;" type="org.mockito.exceptions.verification.WantedButNotInvoked">org.mockito.exceptions.verification.WantedButNotInvoked: 

Wanted but not invoked:
uomRepository.delete(
    com.innobiz.orca.appconfig.entity.UOM@7e7f0f0a
);
-> at com.innobiz.orca.appconfig_serviceimpl.TaskerviceImplTest.deleteUOMShouldDeleteTask(UOMServiceImplTest.java:248)

However, there was exactly 1 interaction with this mock:
uomRepository.findById(1);
-> at com.innobiz.orca.appconfig.service.impl.UOMServiceImpl.delete(UOMServiceImpl.java:54)


	at com.innobiz.orca.appconfig_serviceimpl.TaskerviceImplTest.deleteUOMShouldDeleteTask(UOMServiceImplTest.java:248)
</failure>
  </testcase>
  <testcase name="getUOMByNameShouldSendTask" classname="com.innobiz.orca.appconfig_serviceimpl.TaskerviceImplTest" time="0.006">
    <error message="Cannot invoke &quot;org.modelmapper.ModelMapper.map(Object, java.lang.Class)&quot; because &quot;this.modelMapper&quot; is null" type="java.lang.NullPointerException">java.lang.NullPointerException: Cannot invoke "org.modelmapper.ModelMapper.map(Object, java.lang.Class)" because "this.modelMapper" is null
	at com.innobiz.orca.appconfig_serviceimpl.TaskerviceImplTest.getUOMByNameShouldSendTask(UOMServiceImplTest.java:218)
</error>
  </testcase>
  <testcase name="updateUOMShouldFailIfTaskNotFound" classname="com.innobiz.orca.appconfig_serviceimpl.TaskerviceImplTest" time="0.015">
    <failure message="Unexpected exception type thrown ==&gt; expected: &lt;com.innobiz.orca.appconfig.exception.DataNotFoundException&gt; but was: &lt;com.innobiz.orca.appconfig.exception.DuplicateDataException&gt;" type="org.opentest4j.AssertionFailedError"><![CDATA[org.opentest4j.AssertionFailedError: Unexpected exception type thrown ==> expected: <com.innobiz.orca.appconfig.exception.DataNotFoundException> but was: <com.innobiz.orca.appconfig.exception.DuplicateDataException>
	at com.innobiz.orca.appconfig_serviceimpl.TaskerviceImplTest.updateUOMShouldFailIfTaskNotFound(UOMServiceImplTest.java:144)
Caused by: com.innobiz.orca.appconfig.exception.DuplicateDataException
	at com.innobiz.orca.appconfig_serviceimpl.TaskerviceImplTest.lambda$updateUOMShouldFailIfTaskNotFound$2(UOMServiceImplTest.java:145)
	at com.innobiz.orca.appconfig_serviceimpl.TaskerviceImplTest.updateUOMShouldFailIfTaskNotFound(UOMServiceImplTest.java:144)
]]></failure>
  </testcase>
  <testcase name="getUOMByNameShouldThrowErrorIfTaskNotFound" classname="com.innobiz.orca.appconfig_serviceimpl.TaskerviceImplTest" time="0.009">
    <failure message="expected: &lt;File not found&gt; but was: &lt;null&gt;" type="org.opentest4j.AssertionFailedError"><![CDATA[org.opentest4j.AssertionFailedError: expected: <File not found> but was: <null>
	at com.innobiz.orca.appconfig_serviceimpl.TaskerviceImplTest.getUOMByNameShouldThrowErrorIfTaskNotFound(UOMServiceImplTest.java:233)
]]></failure>
  </testcase>
  <testcase name="getUOMByIdShouldThrowExceptionIfTaskNotFound" classname="com.innobiz.orca.appconfig_serviceimpl.TaskerviceImplTest" time="0.008">
    <failure message="expected: &lt;File not found&gt; but was: &lt;null&gt;" type="org.opentest4j.AssertionFailedError"><![CDATA[org.opentest4j.AssertionFailedError: expected: <File not found> but was: <null>
	at com.innobiz.orca.appconfig_serviceimpl.TaskerviceImplTest.getUOMByIdShouldThrowExceptionIfTaskNotFound(UOMServiceImplTest.java:206)
]]></failure>
  </testcase>
  <testcase name="createUOMSuccessFullyOnValidData" classname="com.innobiz.orca.appconfig_serviceimpl.TaskerviceImplTest" time="0.009">
    <error message="Cannot invoke &quot;org.modelmapper.ModelMapper.map(Object, java.lang.Class)&quot; because &quot;this.modelMapper&quot; is null" type="java.lang.NullPointerException">java.lang.NullPointerException: Cannot invoke "org.modelmapper.ModelMapper.map(Object, java.lang.Class)" because "this.modelMapper" is null
	at com.innobiz.orca.appconfig_serviceimpl.TaskerviceImplTest.createUOMSuccessFullyOnValidData(UOMServiceImplTest.java:74)
</error>
  </testcase>
  <testcase name="getUOMByIdShouldReturnUniqueTask" classname="com.innobiz.orca.appconfig_serviceimpl.TaskerviceImplTest" time="0.004">
    <error message="Cannot invoke &quot;org.modelmapper.ModelMapper.map(Object, java.lang.Class)&quot; because &quot;this.modelMapper&quot; is null" type="java.lang.NullPointerException">java.lang.NullPointerException: Cannot invoke "org.modelmapper.ModelMapper.map(Object, java.lang.Class)" because "this.modelMapper" is null
	at com.innobiz.orca.appconfig_serviceimpl.TaskerviceImplTest.getUOMByIdShouldReturnUniqueTask(UOMServiceImplTest.java:189)
</error>
  </testcase>
  <testcase name="createUOMShouldFailIfTaskAlreadyExists" classname="com.innobiz.orca.appconfig_serviceimpl.TaskerviceImplTest" time="0.008">
    <failure message="expected: &lt;Duplicate value found&gt; but was: &lt;null&gt;" type="org.opentest4j.AssertionFailedError"><![CDATA[org.opentest4j.AssertionFailedError: expected: <Duplicate value found> but was: <null>
	at com.innobiz.orca.appconfig_serviceimpl.TaskerviceImplTest.createUOMShouldFailIfTaskAlreadyExists(UOMServiceImplTest.java:109)
]]></failure>
  </testcase>
  <testcase name="deleteUOMShouldFailIfTaskNotFound" classname="com.innobiz.orca.appconfig_serviceimpl.TaskerviceImplTest" time="0.006">
    <failure message="expected: &lt;File not found&gt; but was: &lt;null&gt;" type="org.opentest4j.AssertionFailedError"><![CDATA[org.opentest4j.AssertionFailedError: expected: <File not found> but was: <null>
	at com.innobiz.orca.appconfig_serviceimpl.TaskerviceImplTest.deleteUOMShouldFailIfTaskNotFound(UOMServiceImplTest.java:264)
]]></failure>
  </testcase>
  <testcase name="updateUOMSuccessFullyOnValidData" classname="com.innobiz.orca.appconfig_serviceimpl.TaskerviceImplTest" time="0.004">
    <error message="Cannot invoke &quot;org.modelmapper.ModelMapper.map(Object, Object)&quot; because &quot;this.modelMapper&quot; is null" type="java.lang.NullPointerException">java.lang.NullPointerException: Cannot invoke "org.modelmapper.ModelMapper.map(Object, Object)" because "this.modelMapper" is null
	at com.innobiz.orca.appconfig_serviceimpl.TaskerviceImplTest.updateUOMSuccessFullyOnValidData(UOMServiceImplTest.java:126)
</error>
  </testcase>
  <testcase name="createUOMShouldFailIfProvidedIdInRequest" classname="com.innobiz.orca.appconfig_serviceimpl.TaskerviceImplTest" time="0.005">
    <failure message="expected: &lt;Duplicate value found&gt; but was: &lt;null&gt;" type="org.opentest4j.AssertionFailedError"><![CDATA[org.opentest4j.AssertionFailedError: expected: <Duplicate value found> but was: <null>
	at com.innobiz.orca.appconfig_serviceimpl.TaskerviceImplTest.createUOMShouldFailIfProvidedIdInRequest(UOMServiceImplTest.java:92)
]]></failure>
  </testcase>
</testsuite>